2021-07-24T19:16:22.709Z [info]: TEST LOGIN
2021-07-24T19:17:33.428Z [info]: TEST LOGIN
2021-07-24T19:20:49.955Z [info]: TEST LOGIN
2021-07-24T19:27:13.757Z [info]: TEST LOGIN
2021-07-24T19:30:06.199Z [info]: TEST LOGIN
2021-07-24T19:30:08.218Z [info]: TEST LOGIN
2021-07-24T19:30:11.061Z [info]: TEST LOGIN
2021-07-24T19:32:30.989Z [info]: TEST LOGIN
2021-07-24T19:36:25.840Z [info]: TEST LOGIN
2021-07-24T19:36:58.209Z [info]: TEST LOGIN
2021-07-24T19:54:23.649Z [info]: TEST LOGIN
2021-07-24T20:01:32.189Z [info]: TEST LOGIN
2021-07-24T20:04:46.138Z [info]: TEST LOGIN
2021-07-24T20:47:12.155Z [info]: TEST LOGIN
2021-07-24T20:47:12.157Z [info]: USERNAME : bernovschi.denis@gmail.com
2021-07-24T20:48:00.591Z [info]: TEST LOGIN
2021-07-24T20:48:00.591Z [info]: USERNAME : bernovschi.denis@gmail.com
2021-07-24T20:48:55.086Z [info]: TEST LOGIN
2021-07-24T20:48:55.093Z [info]: USERNAME : bernovschi.denis@gmail.com - 
2021-07-24T20:49:58.421Z [info]: TEST LOGIN
2021-07-24T20:49:58.423Z [info]: USERNAME : denis@bernosvchi.com - prova
2021-07-24T20:54:03.132Z [info]: TEST LOGIN
2021-07-24T20:54:03.135Z [info]: USERNAME : denis@bernosvchi.com - prova
2021-07-24T21:00:08.195Z [info]: TEST LOGIN
2021-07-24T21:00:08.198Z [info]: USERNAME : denis@bernosvchi.com - prova
2021-07-24T21:00:56.435Z [info]: TEST LOGIN
2021-07-24T21:00:56.436Z [info]: USERNAME : denis@bernosvchi.com - prova
2021-07-24T21:01:02.842Z [info]: TEST LOGIN
2021-07-24T21:01:02.843Z [info]: USERNAME : denis@bernosvchi.com - prova
2021-07-24T21:06:34.868Z [info]: TEST LOGIN
2021-07-24T21:06:34.870Z [info]: USERNAME : denis@bernosvchi.com - prova
2021-07-24T21:55:04.201Z [info]: TEST LOGIN
2021-07-24T21:55:04.204Z [info]: USERNAME : denis@bernosvchi.com - prova
2021-07-24T21:56:59.356Z [info]: TEST LOGIN
2021-07-24T21:56:59.369Z [info]: USERNAME : denis@bernosvchi.com - prova
2021-07-24T22:01:32.453Z [info]: TEST LOGIN
2021-07-24T22:01:32.455Z [info]: USERNAME : denis@bernosvchi.com - prova
2021-07-24T22:03:00.161Z [info]: TEST LOGIN
2021-07-24T22:03:00.164Z [info]: USERNAME : denis@bernosvchi.com - prova
2021-07-24T22:05:10.886Z [info]: TEST LOGIN
2021-07-24T22:05:10.887Z [info]: USERNAME : denis@bernosvchi.com - prova
2021-07-24T22:10:08.123Z [info]: TEST LOGIN
2021-07-24T22:10:08.124Z [info]: USERNAME : denis@bernosvchi.com - prova
2021-07-24T22:10:30.643Z [info]: TEST LOGIN
2021-07-24T22:10:30.645Z [info]: USERNAME : denis@bernosvchi.com - prova
2021-07-24T22:12:10.464Z [info]: TEST LOGIN
2021-07-24T22:12:10.466Z [info]: USERNAME : denis@bernosvchi.com - prova
2021-07-24T22:15:28.234Z [info]: TEST LOGIN
2021-07-24T22:15:28.237Z [info]: USERNAME : denis@bernosvchi.com - prova
2021-07-24T22:27:36.743Z [info]: TEST LOGIN
2021-07-24T22:27:36.746Z [info]: USERNAME : denis@bernosvchi.com - prova
2021-07-24T22:28:01.213Z [info]: TEST LOGIN
2021-07-24T22:28:01.215Z [info]: USERNAME : denis@bernosvchi.com - prova
2021-07-24T22:28:05.434Z [info]: TEST LOGIN
2021-07-24T22:28:05.434Z [info]: USERNAME : denis@bernosvchi.com - prova
2021-07-24T22:29:43.512Z [info]: TEST LOGIN
2021-07-24T22:29:43.514Z [info]: USERNAME : denis@bernosvchi.com - prova
2021-07-24T22:31:23.672Z [info]: TEST LOGIN
2021-07-24T22:31:23.675Z [info]: USERNAME : denis@bernosvchi.com - prova
2021-07-24T22:33:27.535Z [info]: TEST LOGIN
2021-07-24T22:33:27.537Z [info]: USERNAME : denis@bernosvchi.com - prova
2021-07-24T22:33:31.222Z [info]: TEST LOGIN
2021-07-24T22:33:31.222Z [info]: USERNAME : denis@bernosvchi.com - prova
2021-07-24T22:34:19.456Z [info]: TEST LOGIN
2021-07-24T22:34:19.458Z [info]: USERNAME : denis@bernosvchi.com - prova
2021-07-24T22:35:42.079Z [info]: TEST LOGIN
2021-07-24T22:35:42.080Z [info]: USERNAME : denis@bernosvchi.com - prova
2021-07-24T22:38:39.812Z [info]: TEST LOGIN
2021-07-24T22:38:39.814Z [info]: USERNAME : denis@bernosvchi.com - prova
2021-07-24T22:38:41.492Z [info]: TEST LOGIN
2021-07-24T22:38:41.493Z [info]: USERNAME : denis@bernosvchi.com - prova
2021-07-24T22:39:23.105Z [info]: TEST LOGIN
2021-07-24T22:39:23.106Z [info]: USERNAME : denis@bernosvchi.com - provaundefined
2021-07-24T22:43:11.497Z [info]: TEST LOGIN
2021-07-24T22:43:11.500Z [info]: USERNAME : denis@bernosvchi.com - provaundefined
2021-07-24T22:43:13.174Z [info]: TEST LOGIN
2021-07-24T22:43:13.174Z [info]: USERNAME : denis@bernosvchi.com - provaundefined
2021-07-24T22:48:03.354Z [info]: TEST LOGIN
2021-07-24T22:48:03.356Z [info]: USERNAME : denis@bernosvchi.com - provaundefined
2021-07-24T22:48:39.006Z [info]: TEST LOGIN
2021-07-24T22:48:39.007Z [info]: USERNAME : denis@bernosvchi.com - prova
2021-07-24T22:49:37.657Z [info]: TEST LOGIN
2021-07-24T22:49:37.658Z [info]: USERNAME : denis@bernosvchi.com - provacybersecurity
2021-07-24T22:49:40.304Z [info]: TEST LOGIN
2021-07-24T22:49:40.304Z [info]: USERNAME : denis@bernosvchi.com - provacybersecurity
2021-07-24T22:57:30.641Z [info]: TEST LOGIN
2021-07-24T22:57:57.170Z [info]: TEST LOGIN
2021-07-24T22:57:58.955Z [info]: TEST LOGIN
2021-07-24T22:58:10.059Z [info]: TEST LOGIN
2021-07-24T22:58:12.271Z [info]: TEST LOGIN
2021-07-24T22:58:42.427Z [info]: TEST LOGIN
2021-07-24T22:58:42.428Z [info]: USERNAME : denis@bernosvchi.com - prova
2021-07-24T22:59:21.419Z [info]: TEST LOGIN
2021-07-24T22:59:21.420Z [info]: USERNAME : denis@bernosvchi.com - prova
2021-07-24T23:00:46.426Z [info]: TEST LOGIN
2021-07-24T23:00:46.429Z [info]: USERNAME : denis@bernosvchi.com - prova
2021-07-24T23:02:02.485Z [info]: TEST LOGIN
2021-07-24T23:02:02.485Z [info]: USERNAME : denis@bernosvchi.com - prova
2021-07-24T23:06:04.047Z [info]: TEST LOGIN
2021-07-24T23:06:04.049Z [info]: USERNAME : denis@bernosvchi.com - prova
2021-07-24T23:06:32.684Z [info]: TEST LOGIN
2021-07-24T23:06:32.684Z [info]: USERNAME : denis@bernosvchi.com - prova
2021-07-24T23:06:50.546Z [info]: TEST LOGIN
2021-07-24T23:06:50.546Z [info]: USERNAME : denis@bernosvchi.com - prova
2021-07-24T23:07:26.738Z [info]: TEST LOGIN
2021-07-24T23:07:26.739Z [info]: USERNAME : denis@bernosvchi.com - prova
2021-07-24T23:11:41.897Z [info]: TEST LOGIN
2021-07-24T23:11:41.899Z [info]: USERNAME : denis@bernosvchi.com - prova
2021-07-24T23:15:05.818Z [info]: TEST LOGIN
2021-07-24T23:15:05.830Z [info]: USERNAME : denis@bernosvchi.com - prova
2021-07-24T23:15:47.812Z [info]: TEST LOGIN
2021-07-24T23:15:47.813Z [info]: USERNAME : denis@bernosvchi.com - prova
2021-07-24T23:16:23.320Z [info]: TEST LOGIN
2021-07-24T23:16:23.322Z [info]: USERNAME : denis@bernosvchi.com - prova
2021-07-24T23:16:23.323Z [info]: Tentativo di login positivo da parte di denis@bernosvchi.com
2021-07-24T23:18:17.371Z [info]: TEST LOGIN
2021-07-24T23:18:17.374Z [info]: USERNAME : denis@bernosvchi.com - prova
2021-07-24T23:19:18.853Z [info]: TEST LOGIN
2021-07-24T23:19:18.856Z [info]: USERNAME : denis@bernosvchi.com - prova
2021-07-24T23:19:37.826Z [info]: TEST LOGIN
2021-07-24T23:19:37.826Z [info]: USERNAME : denis@bernosvchi.com - prova
2021-07-24T23:19:37.828Z [info]: Tentativo di login errato da parte di denis@bernosvchi.com
2021-07-24T23:20:17.672Z [info]: TEST LOGIN
2021-07-24T23:20:17.672Z [info]: USERNAME : denis@bernosvchiiii.com - prova2
2021-07-24T23:20:17.673Z [info]: Tentativo di login errato da parte di denis@bernosvchiiii.com
2021-07-24T23:21:43.460Z [info]: TEST LOGIN
2021-07-24T23:21:43.462Z [info]: USERNAME : denis@prova.com - prova
2021-07-24T23:22:49.459Z [info]: TEST LOGIN
2021-07-24T23:22:49.460Z [info]: USERNAME : denis@prova.com - prova
2021-07-24T23:23:13.316Z [info]: TEST LOGIN
2021-07-24T23:23:13.322Z [info]: USERNAME : denis@prova.com - prova
2021-07-24T23:23:13.323Z [info]: Tentativo di login positivo da parte di denis@prova.com
2021-07-24T23:23:30.887Z [info]: TEST LOGIN
2021-07-24T23:23:30.887Z [info]: USERNAME : denis@prova.com - prova
2021-07-24T23:23:30.888Z [info]: Tentativo di login positivo da parte di denis@prova.com
2021-07-24T23:25:03.023Z [info]: TEST LOGIN
2021-07-24T23:25:03.025Z [info]: USERNAME : denis@prova.com - prova
2021-07-24T23:25:03.025Z [info]: Tentativo di login positivo da parte di denis@prova.com
2021-07-24T23:27:38.825Z [info]: TEST LOGIN
2021-07-24T23:27:38.827Z [info]: USERNAME : denis@bernosvchi.com - prova
2021-07-24T23:27:38.842Z [info]: Tentativo di login errato da parte di denis@bernosvchi.com
2021-07-24T23:27:46.115Z [info]: TEST LOGIN
2021-07-24T23:27:46.116Z [info]: USERNAME : denis@prova.com - prova
2021-07-24T23:27:46.119Z [info]: Tentativo di login positivo da parte di denis@prova.com
2021-07-24T23:28:48.313Z [info]: TEST LOGIN
2021-07-24T23:28:48.315Z [info]: USERNAME : denis@prova.com - prova
2021-07-24T23:28:48.338Z [info]: Tentativo di login positivo da parte di denis@prova.com
2021-07-24T23:28:59.887Z [info]: TEST LOGIN
2021-07-24T23:28:59.887Z [info]: USERNAME : denis@prova.com - prova
2021-07-24T23:28:59.895Z [info]: Tentativo di login positivo da parte di denis@prova.com
2021-07-25T00:09:07.964Z [info]: TEST LOGIN
2021-07-25T00:09:07.965Z [info]: USERNAME : denis@bernosvchi.com - prova
2021-07-25T00:09:07.982Z [info]: Tentativo di login errato da parte di denis@bernosvchi.com
2021-07-25T00:15:57.061Z [info]: TEST LOGIN
2021-07-25T00:15:57.063Z [info]: USERNAME : denis@bernosvchi.com - prova
2021-07-25T00:15:57.075Z [info]: Tentativo di login errato da parte di denis@bernosvchi.com
2021-07-25T00:17:16.866Z [info]: TEST LOGIN
2021-07-25T00:17:16.868Z [info]: USERNAME : denis@bernosvchi.com - prova
2021-07-25T00:17:16.884Z [info]: Tentativo di login errato da parte di denis@bernosvchi.com
2021-07-25T00:30:47.465Z [info]: TEST EVENTO[object Object]
2021-07-25T00:32:59.568Z [info]: TEST EVENTO[object Object]
2021-07-25T00:33:55.935Z [info]: TEST EVENTO[object Object]
2021-07-25T00:35:01.127Z [info]: TEST EVENTO[object Object]
2021-07-25T00:36:04.580Z [info]: TEST EVENTO[object Object]
2021-07-25T00:38:58.629Z [info]: TEST EVENTO[object Object]
2021-07-25T00:39:30.389Z [info]: TEST EVENTO[object Object]
2021-07-25T00:40:55.685Z [info]: TEST EVENTO[object Object]
2021-07-25T00:44:26.314Z [info]: TEST EVENTO[object Object]
2021-07-25T00:45:24.192Z [info]: TEST EVENTO[object Object]
2021-07-25T00:47:35.811Z [info]: TEST EVENTO ID2
2021-07-25T00:48:39.843Z [info]: TEST EVENTO ID2
2021-07-25T00:48:41.675Z [info]: TEST EVENTO ID2
2021-07-25T00:48:52.189Z [info]: TEST EVENTO ID2
2021-07-25T01:01:53.314Z [info]: TEST EVENTO ID2
2021-07-25T01:02:06.250Z [info]: TEST LOGIN
2021-07-25T01:02:06.250Z [info]: USERNAME : denis@bernosvchi.com - prova
2021-07-25T01:02:06.262Z [info]: Tentativo di login errato da parte di denis@bernosvchi.com
2021-07-25T01:02:32.647Z [info]: TEST EVENTO ID2
2021-07-25T01:02:41.268Z [info]: GET BIGLIETTI DATO ID EVENTO2
2021-07-25T01:04:18.641Z [info]: GET BIGLIETTI DATO ID EVENTO2
2021-07-25T01:09:20.115Z [info]: TEST EVENTO ID2
2021-07-25T01:09:26.413Z [info]: GET BIGLIETTI DATO ID EVENTO2
2021-07-25T01:14:16.419Z [info]: TEST EVENTO[object Object]
2021-07-25T01:14:22.212Z [info]: GET BIGLIETTI DATO ID EVENTO2
2021-07-25T01:17:03.933Z [info]: GET BIGLIETTI DATO ID EVENTO3
2021-07-25T01:31:55.436Z [info]: GET BIGLIETTI DATO ID EVENTO3
2021-07-25T01:31:58.058Z [info]: GET BIGLIETTI DATO ID EVENTO3
2021-07-25T01:32:12.416Z [info]: TEST EVENTO ID3
2021-07-25T01:32:27.621Z [info]: TEST EVENTO[object Object]
2021-07-25T01:32:31.337Z [info]: TEST EVENTO ID2
2021-07-25T01:32:36.733Z [info]: GET BIGLIETTI DATO ID EVENTO2
2021-07-25T01:38:25.166Z [info]: GET BIGLIETTI DATO ID EVENTO2
2021-07-25T01:38:27.166Z [info]: GET BIGLIETTI DATO ID EVENTO2
2021-07-25T01:38:46.210Z [info]: TEST LOGIN
2021-07-25T01:38:46.210Z [info]: USERNAME : denis@prova.com - prova
2021-07-25T01:38:46.230Z [info]: Tentativo di login positivo da parte di denis@prova.com
2021-07-25T01:40:10.105Z [info]: TEST LOGIN
2021-07-25T01:40:10.108Z [info]: USERNAME : denis@prova.com - prova
2021-07-25T01:40:10.127Z [info]: Tentativo di login positivo da parte di denis@prova.com
2021-07-25T01:41:38.936Z [info]: TEST LOGIN
2021-07-25T01:41:38.940Z [info]: USERNAME : denis@prova.com - prova
2021-07-25T01:41:38.952Z [info]: Tentativo di login positivo da parte di denis@prova.com
2021-07-25T01:43:16.459Z [info]: TEST LOGIN
2021-07-25T01:43:16.461Z [info]: USERNAME : denis@prova.com - prova
2021-07-25T01:43:16.475Z [info]: Tentativo di login positivo da parte di denis@prova.com
2021-07-25T01:43:16.477Z [info]: Tentativo di login errato da parte di denis@prova.com
2021-07-25T01:43:25.142Z [info]: TEST LOGIN
2021-07-25T01:43:25.143Z [info]: USERNAME : denis@prova.com - prova
2021-07-25T01:43:25.144Z [info]: Tentativo di login positivo da parte di denis@prova.com
2021-07-25T01:43:25.145Z [info]: Tentativo di login errato da parte di denis@prova.com
2021-07-25T01:44:46.717Z [info]: TEST LOGIN
2021-07-25T01:44:46.719Z [info]: USERNAME : denis@prova.com - prova
2021-07-25T01:44:46.737Z [info]: Tentativo di login positivo da parte di denis@prova.com
2021-07-25T01:44:46.737Z [info]: pwd memorizzata : prova pwd inserita : prova
2021-07-25T01:44:46.738Z [info]: Tentativo di login errato da parte di denis@prova.com
2021-07-25T01:46:42.744Z [info]: TEST LOGIN
2021-07-25T01:46:42.746Z [info]: USERNAME : denis@prova.com - prova
2021-07-25T01:46:42.764Z [info]: Tentativo di login positivo da parte di denis@prova.com
2021-07-25T01:46:42.765Z [info]: pwd memorizzata : $2a$10$hlrOeRncW/ut8w7dUqhmHuYSC1oHLr1PVtKvXrI7fUmapZJAKANKq pwd inserita : prova
2021-07-25T01:46:42.836Z [info]: Login eseguito dall'utente denis@prova.com
2021-07-25T01:47:11.115Z [info]: GET BIGLIETTI DATO ID EVENTO2
2021-07-25T01:50:21.257Z [info]: TEST LOGIN
2021-07-25T01:50:21.258Z [info]: USERNAME : denis@prova.com - prova
2021-07-25T01:50:56.471Z [info]: TEST LOGIN
2021-07-25T01:50:56.473Z [info]: USERNAME : denis@prova.com - prova
2021-07-25T01:50:56.487Z [info]: Tentativo di login positivo da parte di denis@prova.com
2021-07-25T01:50:56.487Z [info]: pwd memorizzata : $2a$10$hlrOeRncW/ut8w7dUqhmHuYSC1oHLr1PVtKvXrI7fUmapZJAKANKq pwd inserita : prova
2021-07-25T01:50:56.556Z [info]: Login eseguito dall'utente denis@prova.com
2021-07-25T01:51:04.152Z [info]: GET BIGLIETTI DATO ID EVENTO2
2021-07-25T01:55:11.162Z [info]: TEST LOGIN
2021-07-25T01:55:11.163Z [info]: USERNAME : denis@prova.com - prova
2021-07-25T01:55:11.181Z [info]: Tentativo di login positivo da parte di denis@prova.com
2021-07-25T01:55:11.181Z [info]: pwd memorizzata : $2a$10$hlrOeRncW/ut8w7dUqhmHuYSC1oHLr1PVtKvXrI7fUmapZJAKANKq pwd inserita : prova
2021-07-25T01:55:11.252Z [info]: Login eseguito dall'utente denis@prova.com
2021-07-25T01:55:31.641Z [info]: GET BIGLIETTI DATO ID EVENTO2
